-------------------------------------------------------------------------------
Test set: org.mule.examples.MELTest
-------------------------------------------------------------------------------
Tests run: 1, Failures: 0, Errors: 1, Skipped: 0, Time elapsed: 3.042 sec <<< FAILURE!
melTest(org.mule.examples.MELTest)  Time elapsed: 2.836 sec  <<< ERROR!
org.mule.api.config.ConfigurationException: Error creating bean with name 'docs-greetingFlow4': Cannot create inner bean '(inner bean)' of type [com.mulesoft.mule.module.datamapper.processors.DataMapperMessageProcessor] while setting bean property 'messageProcessors' with key [2]; nested exception is org.springframework.beans.factory.BeanCreationException: Error creating bean with name '(inner bean)': Invocation of init method failed; nested exception is org.mule.api.lifecycle.InitialisationException: Invalid license for MuleSoft DataMapper, please contact MuleSoft info@mulesoft.com (org.mule.api.lifecycle.InitialisationException)
	at org.mule.config.builders.AbstractConfigurationBuilder.configure(AbstractConfigurationBuilder.java:49)
	at org.mule.config.builders.AbstractResourceConfigurationBuilder.configure(AbstractResourceConfigurationBuilder.java:69)
	at org.mule.context.DefaultMuleContextFactory$1.configure(DefaultMuleContextFactory.java:84)
	at org.mule.context.DefaultMuleContextFactory.doCreateMuleContext(DefaultMuleContextFactory.java:217)
	at org.mule.context.DefaultMuleContextFactory.createMuleContext(DefaultMuleContextFactory.java:76)
	at org.mule.tck.junit4.AbstractMuleContextTestCase.createMuleContext(AbstractMuleContextTestCase.java:234)
	at org.mule.tck.junit4.AbstractMuleContextTestCase.setUpMuleContext(AbstractMuleContextTestCase.java:143)
	at sun.reflect.NativeMethodAccessorImpl.invoke0(Native Method)
	at sun.reflect.NativeMethodAccessorImpl.invoke(NativeMethodAccessorImpl.java:57)
	at sun.reflect.DelegatingMethodAccessorImpl.invoke(DelegatingMethodAccessorImpl.java:43)
	at java.lang.reflect.Method.invoke(Method.java:606)
	at org.junit.runners.model.FrameworkMethod$1.runReflectiveCall(FrameworkMethod.java:44)
	at org.junit.internal.runners.model.ReflectiveCallable.run(ReflectiveCallable.java:15)
	at org.junit.runners.model.FrameworkMethod.invokeExplosively(FrameworkMethod.java:41)
	at org.junit.internal.runners.statements.RunBefores.evaluate(RunBefores.java:27)
	at org.junit.internal.runners.statements.RunAfters.evaluate(RunAfters.java:31)
	at org.junit.rules.TestWatcher$1.evaluate(TestWatcher.java:46)
	at org.junit.internal.runners.statements.FailOnTimeout$1.run(FailOnTimeout.java:28)
Caused by: org.mule.api.lifecycle.InitialisationException: Error creating bean with name 'docs-greetingFlow4': Cannot create inner bean '(inner bean)' of type [com.mulesoft.mule.module.datamapper.processors.DataMapperMessageProcessor] while setting bean property 'messageProcessors' with key [2]; nested exception is org.springframework.beans.factory.BeanCreationException: Error creating bean with name '(inner bean)': Invocation of init method failed; nested exception is org.mule.api.lifecycle.InitialisationException: Invalid license for MuleSoft DataMapper, please contact MuleSoft info@mulesoft.com
	at org.mule.registry.AbstractRegistry.initialise(AbstractRegistry.java:113)
	at org.mule.config.spring.SpringXmlConfigurationBuilder.createSpringRegistry(SpringXmlConfigurationBuilder.java:135)
	at org.mule.config.spring.SpringXmlConfigurationBuilder.doConfigure(SpringXmlConfigurationBuilder.java:90)
	at org.mule.config.builders.AbstractConfigurationBuilder.configure(AbstractConfigurationBuilder.java:43)
	... 17 more
Caused by: org.springframework.beans.factory.BeanCreationException: Error creating bean with name 'docs-greetingFlow4': Cannot create inner bean '(inner bean)' of type [com.mulesoft.mule.module.datamapper.processors.DataMapperMessageProcessor] while setting bean property 'messageProcessors' with key [2]; nested exception is org.springframework.beans.factory.BeanCreationException: Error creating bean with name '(inner bean)': Invocation of init method failed; nested exception is org.mule.api.lifecycle.InitialisationException: Invalid license for MuleSoft DataMapper, please contact MuleSoft info@mulesoft.com
	at org.springframework.beans.factory.support.BeanDefinitionValueResolver.resolveInnerBean(BeanDefinitionValueResolver.java:282)
	at org.springframework.beans.factory.support.BeanDefinitionValueResolver.resolveValueIfNecessary(BeanDefinitionValueResolver.java:126)
	at org.springframework.beans.factory.support.BeanDefinitionValueResolver.resolveManagedList(BeanDefinitionValueResolver.java:353)
	at org.springframework.beans.factory.support.BeanDefinitionValueResolver.resolveValueIfNecessary(BeanDefinitionValueResolver.java:154)
	at org.springframework.beans.factory.support.AbstractAutowireCapableBeanFactory.applyPropertyValues(AbstractAutowireCapableBeanFactory.java:1391)
	at org.springframework.beans.factory.support.AbstractAutowireCapableBeanFactory.populateBean(AbstractAutowireCapableBeanFactory.java:1132)
	at org.springframework.beans.factory.support.AbstractAutowireCapableBeanFactory.doCreateBean(AbstractAutowireCapableBeanFactory.java:522)
	at org.springframework.beans.factory.support.AbstractAutowireCapableBeanFactory.createBean(AbstractAutowireCapableBeanFactory.java:461)
	at org.springframework.beans.factory.support.AbstractBeanFactory$1.getObject(AbstractBeanFactory.java:295)
	at org.springframework.beans.factory.support.DefaultSingletonBeanRegistry.getSingleton(DefaultSingletonBeanRegistry.java:223)
	at org.springframework.beans.factory.support.AbstractBeanFactory.doGetBean(AbstractBeanFactory.java:292)
	at org.springframework.beans.factory.support.AbstractBeanFactory.getBean(AbstractBeanFactory.java:194)
	at org.springframework.beans.factory.support.DefaultListableBeanFactory.preInstantiateSingletons(DefaultListableBeanFactory.java:626)
	at org.springframework.context.support.AbstractApplicationContext.finishBeanFactoryInitialization(AbstractApplicationContext.java:932)
	at org.springframework.context.support.AbstractApplicationContext.refresh(AbstractApplicationContext.java:479)
	at org.mule.config.spring.SpringRegistry.doInitialise(SpringRegistry.java:86)
	at org.mule.registry.AbstractRegistry.initialise(AbstractRegistry.java:105)
	... 20 more
Caused by: org.springframework.beans.factory.BeanCreationException: Error creating bean with name '(inner bean)': Invocation of init method failed; nested exception is org.mule.api.lifecycle.InitialisationException: Invalid license for MuleSoft DataMapper, please contact MuleSoft info@mulesoft.com
	at org.springframework.beans.factory.support.AbstractAutowireCapableBeanFactory.initializeBean(AbstractAutowireCapableBeanFactory.java:1486)
	at org.springframework.beans.factory.support.AbstractAutowireCapableBeanFactory.doCreateBean(AbstractAutowireCapableBeanFactory.java:524)
	at org.springframework.beans.factory.support.AbstractAutowireCapableBeanFactory.createBean(AbstractAutowireCapableBeanFactory.java:461)
	at org.springframework.beans.factory.support.BeanDefinitionValueResolver.resolveInnerBean(BeanDefinitionValueResolver.java:271)
	... 36 more
Caused by: org.mule.api.lifecycle.InitialisationException: Invalid license for MuleSoft DataMapper, please contact MuleSoft info@mulesoft.com
	at com.mulesoft.mule.module.datamapper.processors.DataMapperMessageProcessor.initialise(DataMapperMessageProcessor.java:98)
	at sun.reflect.NativeMethodAccessorImpl.invoke0(Native Method)
	at sun.reflect.NativeMethodAccessorImpl.invoke(NativeMethodAccessorImpl.java:57)
	at sun.reflect.DelegatingMethodAccessorImpl.invoke(DelegatingMethodAccessorImpl.java:43)
	at java.lang.reflect.Method.invoke(Method.java:606)
	at org.springframework.beans.factory.support.AbstractAutowireCapableBeanFactory.invokeCustomInitMethod(AbstractAutowireCapableBeanFactory.java:1612)
	at org.springframework.beans.factory.support.AbstractAutowireCapableBeanFactory.invokeInitMethods(AbstractAutowireCapableBeanFactory.java:1553)
	at org.springframework.beans.factory.support.AbstractAutowireCapableBeanFactory.initializeBean(AbstractAutowireCapableBeanFactory.java:1483)
	... 39 more
Caused by: com.mulesource.licm.impl.InvalidLicenseKeyException: de.schlichtherle.license.NoLicenseInstalledException: There is no license certificate installed for MuleSource Enterprise Edition.
	at com.mulesource.licm.impl.TrueLicenseHelper.validateLicenseKey(TrueLicenseHelper.java:233)
	at com.mulesource.licm.impl.MuleLicenseManager.validate(MuleLicenseManager.java:61)
	at com.mulesoft.mule.module.datamapper.boot.DataMapperLicenseCheck.loadLicenseKey(DataMapperLicenseCheck.java:28)
	at com.mulesoft.mule.module.datamapper.boot.DataMapperLicenseCheck.checkDMEntitlement(DataMapperLicenseCheck.java:43)
	at com.mulesoft.mule.module.datamapper.processors.DataMapperMessageProcessor.initialise(DataMapperMessageProcessor.java:90)
	... 46 more
Caused by: de.schlichtherle.license.NoLicenseInstalledException: There is no license certificate installed for MuleSource Enterprise Edition.
	at de.schlichtherle.license.ftp.LicenseManager.verify(Unknown Source)
	at de.schlichtherle.license.LicenseManager.verify(Unknown Source)
	at com.mulesource.licm.impl.TrueLicenseHelper.validateLicenseKey(TrueLicenseHelper.java:228)
	... 50 more

